<?xml version="1.0" encoding="UTF-8"?>
<!-- Generated by org.testng.reporters.JUnitReportReporter -->
<testsuite hostname="PC-02" name="winPack.NewTest" tests="1" failures="0" timestamp="16 Jan 2015 12:58:01 GMT" time="3.943" errors="0">
  <testcase name="simpleTest" time="3.943" classname="winPack.NewTest"/>
</testsuite> <!-- winPack.NewTest -->
