<?xml version="1.0" encoding="UTF-8"?>
<!-- Generated by org.testng.reporters.JUnitReportReporter -->
<testsuite hostname="PC-02" name="winPack.winClassTest" tests="1" failures="0" timestamp="13 Mar 2015 06:50:02 GMT" time="38.472" errors="0">
  <testcase name="f" time="38.472" classname="winPack.winClassTest"/>
</testsuite> <!-- winPack.winClassTest -->
